<?xml version="1.0" encoding="UTF-8"?>
<!-- Generated by org.testng.reporters.JUnitXMLReporter -->
<testsuite hostname="FATIHs-MacBook-Pro.local" ignored="0" name="Default test" tests="2" failures="0" timestamp="07 Aug 2018 20:23:58 GMT" time="0.329" errors="0">
  <testcase name="runScenario" time="0.034" classname="cucumber.api.testng.AbstractTestNGCucumberTests">
    <skipped/>
  </testcase> <!-- runScenario -->
  <testcase name="runScenario" time="0.003" classname="cucumber.api.testng.AbstractTestNGCucumberTests">
    <skipped/>
  </testcase> <!-- runScenario -->
</testsuite> <!-- Default test -->
